-------------------------------------------------------------------------------
Test set: net.webApp.impl.ExerciseDaoImplTest
-------------------------------------------------------------------------------
Tests run: 5, Failures: 0, Errors: 5, Skipped: 0, Time elapsed: 0.419 s <<< FAILURE! - in net.webApp.impl.ExerciseDaoImplTest
addNew  Time elapsed: 0.295 s  <<< ERROR!
org.jdbi.v3.core.ConnectionException: org.postgresql.util.PSQLException: FATAL: password authentication failed for user "thando"
	at net.webApp.impl.ExerciseDaoImplTest.addNew(ExerciseDaoImplTest.java:53)
Caused by: org.postgresql.util.PSQLException: FATAL: password authentication failed for user "thando"
	at net.webApp.impl.ExerciseDaoImplTest.addNew(ExerciseDaoImplTest.java:53)

getAll  Time elapsed: 0.031 s  <<< ERROR!
org.jdbi.v3.core.ConnectionException: org.postgresql.util.PSQLException: FATAL: password authentication failed for user "thando"
	at net.webApp.impl.ExerciseDaoImplTest.getAll(ExerciseDaoImplTest.java:60)
Caused by: org.postgresql.util.PSQLException: FATAL: password authentication failed for user "thando"
	at net.webApp.impl.ExerciseDaoImplTest.getAll(ExerciseDaoImplTest.java:60)

update  Time elapsed: 0.027 s  <<< ERROR!
org.jdbi.v3.core.ConnectionException: org.postgresql.util.PSQLException: FATAL: password authentication failed for user "thando"
	at net.webApp.impl.ExerciseDaoImplTest.update(ExerciseDaoImplTest.java:75)
Caused by: org.postgresql.util.PSQLException: FATAL: password authentication failed for user "thando"
	at net.webApp.impl.ExerciseDaoImplTest.update(ExerciseDaoImplTest.java:75)

getById  Time elapsed: 0.025 s  <<< ERROR!
org.jdbi.v3.core.ConnectionException: org.postgresql.util.PSQLException: FATAL: password authentication failed for user "thando"
	at net.webApp.impl.ExerciseDaoImplTest.getById(ExerciseDaoImplTest.java:67)
Caused by: org.postgresql.util.PSQLException: FATAL: password authentication failed for user "thando"
	at net.webApp.impl.ExerciseDaoImplTest.getById(ExerciseDaoImplTest.java:67)

addPlayerExercise  Time elapsed: 0.023 s  <<< ERROR!
org.jdbi.v3.core.ConnectionException: org.postgresql.util.PSQLException: FATAL: password authentication failed for user "thando"
	at net.webApp.impl.ExerciseDaoImplTest.addPlayerExercise(ExerciseDaoImplTest.java:84)
Caused by: org.postgresql.util.PSQLException: FATAL: password authentication failed for user "thando"
	at net.webApp.impl.ExerciseDaoImplTest.addPlayerExercise(ExerciseDaoImplTest.java:84)

