-------------------------------------------------------------------------------
Test set: net.webApp.impl.PlayerDaoImplTest
-------------------------------------------------------------------------------
Tests run: 5, Failures: 0, Errors: 5, Skipped: 0, Time elapsed: 0.108 s <<< FAILURE! - in net.webApp.impl.PlayerDaoImplTest
updatePlayer  Time elapsed: 0 s  <<< ERROR!
org.jdbi.v3.core.ConnectionException: org.postgresql.util.PSQLException: FATAL: password authentication failed for user "thando"
	at net.webApp.impl.PlayerDaoImplTest.updatePlayer(PlayerDaoImplTest.java:75)
Caused by: org.postgresql.util.PSQLException: FATAL: password authentication failed for user "thando"
	at net.webApp.impl.PlayerDaoImplTest.updatePlayer(PlayerDaoImplTest.java:75)

addNewPlayer  Time elapsed: 0.026 s  <<< ERROR!
org.jdbi.v3.core.ConnectionException: org.postgresql.util.PSQLException: FATAL: password authentication failed for user "thando"
	at net.webApp.impl.PlayerDaoImplTest.addNewPlayer(PlayerDaoImplTest.java:54)
Caused by: org.postgresql.util.PSQLException: FATAL: password authentication failed for user "thando"
	at net.webApp.impl.PlayerDaoImplTest.addNewPlayer(PlayerDaoImplTest.java:54)

getById  Time elapsed: 0.027 s  <<< ERROR!
org.jdbi.v3.core.ConnectionException: org.postgresql.util.PSQLException: FATAL: password authentication failed for user "thando"
	at net.webApp.impl.PlayerDaoImplTest.getById(PlayerDaoImplTest.java:67)
Caused by: org.postgresql.util.PSQLException: FATAL: password authentication failed for user "thando"
	at net.webApp.impl.PlayerDaoImplTest.getById(PlayerDaoImplTest.java:67)

getAllPlayers  Time elapsed: 0.025 s  <<< ERROR!
org.jdbi.v3.core.ConnectionException: org.postgresql.util.PSQLException: FATAL: password authentication failed for user "thando"
	at net.webApp.impl.PlayerDaoImplTest.getAllPlayers(PlayerDaoImplTest.java:61)
Caused by: org.postgresql.util.PSQLException: FATAL: password authentication failed for user "thando"
	at net.webApp.impl.PlayerDaoImplTest.getAllPlayers(PlayerDaoImplTest.java:61)

getPlayerExercises  Time elapsed: 0.024 s  <<< ERROR!
org.jdbi.v3.core.ConnectionException: org.postgresql.util.PSQLException: FATAL: password authentication failed for user "thando"
	at net.webApp.impl.PlayerDaoImplTest.getPlayerExercises(PlayerDaoImplTest.java:84)
Caused by: org.postgresql.util.PSQLException: FATAL: password authentication failed for user "thando"
	at net.webApp.impl.PlayerDaoImplTest.getPlayerExercises(PlayerDaoImplTest.java:84)

