<?xml version="1.0" encoding="UTF-8"?>
<testsuite xmlns:xsi="http://www.w3.org/2001/XMLSchema-instance" xsi:noNamespaceSchemaLocation="https://maven.apache.org/surefire/maven-surefire-plugin/xsd/surefire-test-report.xsd" name="net.webApp.impl.PlayerDaoImplTest" time="0.108" tests="5" errors="5" skipped="0" failures="0">
  <properties>
[...]
</properties>
  <testcase name="updatePlayer" classname="net.webApp.impl.PlayerDaoImplTest" time="0">
    <error message="org.postgresql.util.PSQLException: FATAL: password authentication failed for user &quot;thando&quot;" type="org.jdbi.v3.core.ConnectionException">org.jdbi.v3.core.ConnectionException: org.postgresql.util.PSQLException: FATAL: password authentication failed for user "thando"
	at net.webApp.impl.PlayerDaoImplTest.updatePlayer(PlayerDaoImplTest.java:75)
Caused by: org.postgresql.util.PSQLException: FATAL: password authentication failed for user "thando"
	at net.webApp.impl.PlayerDaoImplTest.updatePlayer(PlayerDaoImplTest.java:75)
</error>
  </testcase>
  <testcase name="addNewPlayer" classname="net.webApp.impl.PlayerDaoImplTest" time="0.026">
    <error message="org.postgresql.util.PSQLException: FATAL: password authentication failed for user &quot;thando&quot;" type="org.jdbi.v3.core.ConnectionException">org.jdbi.v3.core.ConnectionException: org.postgresql.util.PSQLException: FATAL: password authentication failed for user "thando"
	at net.webApp.impl.PlayerDaoImplTest.addNewPlayer(PlayerDaoImplTest.java:54)
Caused by: org.postgresql.util.PSQLException: FATAL: password authentication failed for user "thando"
	at net.webApp.impl.PlayerDaoImplTest.addNewPlayer(PlayerDaoImplTest.java:54)
</error>
  </testcase>
  <testcase name="getById" classname="net.webApp.impl.PlayerDaoImplTest" time="0.027">
    <error message="org.postgresql.util.PSQLException: FATAL: password authentication failed for user &quot;thando&quot;" type="org.jdbi.v3.core.ConnectionException">org.jdbi.v3.core.ConnectionException: org.postgresql.util.PSQLException: FATAL: password authentication failed for user "thando"
	at net.webApp.impl.PlayerDaoImplTest.getById(PlayerDaoImplTest.java:67)
Caused by: org.postgresql.util.PSQLException: FATAL: password authentication failed for user "thando"
	at net.webApp.impl.PlayerDaoImplTest.getById(PlayerDaoImplTest.java:67)
</error>
  </testcase>
  <testcase name="getAllPlayers" classname="net.webApp.impl.PlayerDaoImplTest" time="0.025">
    <error message="org.postgresql.util.PSQLException: FATAL: password authentication failed for user &quot;thando&quot;" type="org.jdbi.v3.core.ConnectionException">org.jdbi.v3.core.ConnectionException: org.postgresql.util.PSQLException: FATAL: password authentication failed for user "thando"
	at net.webApp.impl.PlayerDaoImplTest.getAllPlayers(PlayerDaoImplTest.java:61)
Caused by: org.postgresql.util.PSQLException: FATAL: password authentication failed for user "thando"
	at net.webApp.impl.PlayerDaoImplTest.getAllPlayers(PlayerDaoImplTest.java:61)
</error>
  </testcase>
  <testcase name="getPlayerExercises" classname="net.webApp.impl.PlayerDaoImplTest" time="0.024">
    <error message="org.postgresql.util.PSQLException: FATAL: password authentication failed for user &quot;thando&quot;" type="org.jdbi.v3.core.ConnectionException">org.jdbi.v3.core.ConnectionException: org.postgresql.util.PSQLException: FATAL: password authentication failed for user "thando"
	at net.webApp.impl.PlayerDaoImplTest.getPlayerExercises(PlayerDaoImplTest.java:84)
Caused by: org.postgresql.util.PSQLException: FATAL: password authentication failed for user "thando"
	at net.webApp.impl.PlayerDaoImplTest.getPlayerExercises(PlayerDaoImplTest.java:84)
</error>
  </testcase>
</testsuite>